{
  "0 debug pnpm:scope": {
    "selected": 1
  },
  "1 error pnpm": {
    "errno": 1,
    "code": "ELIFECYCLE",
    "pkgid": "blog@1.0.0",
    "stage": "docs:dev",
    "script": "vuepress dev src",
    "pkgname": "blog",
    "err": {
      "name": "pnpm",
      "message": "blog@1.0.0 docs:dev: `vuepress dev src`\nExit status 1",
      "code": "ELIFECYCLE",
      "stack": "pnpm: blog@1.0.0 docs:dev: `vuepress dev src`\nExit status 1\n    at EventEmitter.<anonymous> (/usr/local/lib/node_modules/pnpm/dist/pnpm.cjs:108610:20)\n    at EventEmitter.emit (node:events:513:28)\n    at ChildProcess.<anonymous> (/usr/local/lib/node_modules/pnpm/dist/pnpm.cjs:95176:18)\n    at ChildProcess.emit (node:events:513:28)\n    at maybeClose (node:internal/child_process:1091:16)\n    at ChildProcess._handle.onexit (node:internal/child_process:302:5)"
    }
  },
  "2 warn pnpm:global": " Local package.json exists, but node_modules missing, did you mean to install?"
}